<?xml version="1.0" encoding="utf-8"?><testsuites name="pytest tests"><testsuite name="pytest" errors="0" failures="0" skipped="0" tests="15" time="2.094" timestamp="2026-02-24T14:40:40.077883+00:00" hostname="agent-env-f584bd53-73b9-41be-80ea-d9246b85aba0"><testcase classname="backend.tests.test_storyboard_api.TestHealthCheck" name="test_api_health" time="0.144" /><testcase classname="backend.tests.test_storyboard_api.TestStoryboardCRUD" name="test_storyboards_requires_auth" time="0.131" /><testcase classname="backend.tests.test_storyboard_api.TestStoryboardCRUD" name="test_create_storyboard_requires_auth" time="0.153" /><testcase classname="backend.tests.test_storyboard_api.TestStoryboardStructure" name="test_storyboards_endpoint_exists" time="0.137" /><testcase classname="backend.tests.test_storyboard_api.TestStoryboardStructure" name="test_storyboards_post_endpoint_exists" time="0.122" /><testcase classname="backend.tests.test_storyboard_api.TestStoryboardStructure" name="test_storyboard_get_single_endpoint_pattern" time="0.123" /><testcase classname="backend.tests.test_storyboard_api.TestStoryboardStructure" name="test_storyboard_update_endpoint_pattern" time="0.133" /><testcase classname="backend.tests.test_storyboard_api.TestStoryboardStructure" name="test_storyboard_delete_endpoint_pattern" time="0.118" /><testcase classname="backend.tests.test_storyboard_api.TestSceneEndpoints" name="test_add_scene_endpoint_pattern" time="0.182" /><testcase classname="backend.tests.test_storyboard_api.TestSceneEndpoints" name="test_update_scene_endpoint_pattern" time="0.138" /><testcase classname="backend.tests.test_storyboard_api.TestSceneEndpoints" name="test_delete_scene_endpoint_pattern" time="0.137" /><testcase classname="backend.tests.test_storyboard_api.TestSceneEndpoints" name="test_reorder_scenes_endpoint_pattern" time="0.143" /><testcase classname="backend.tests.test_storyboard_api.TestMediaEndpoints" name="test_upload_media_endpoint_pattern" time="0.138" /><testcase classname="backend.tests.test_storyboard_api.TestMediaEndpoints" name="test_delete_media_endpoint_pattern" time="0.108" /><testcase classname="backend.tests.test_storyboard_api.TestAPIEndpoints" name="test_health_endpoint_returns_json" time="0.128" /></testsuite></testsuites>